<?xml version="1.0" encoding="UTF-8"?>
<!-- Generated by org.testng.reporters.JUnitReportReporter -->
<testsuite hostname="Naveen-Thamatam" failures="0" tests="1" name="datadriverframework.SeleniumDataDrivenFramework" time="13.609" errors="0" timestamp="2024-01-10T20:17:15 IST" skipped="0">
  <testcase classname="datadriverframework.SeleniumDataDrivenFramework" name="ReadData" time="13.609"/>
  <system-out/>
</testsuite> <!-- datadriverframework.SeleniumDataDrivenFramework -->
