<?xml version="1.0" encoding="UTF-8"?>
<!-- Generated by org.testng.reporters.JUnitReportReporter -->
<testsuite hostname="Naveen-Thamatam" failures="0" tests="1" name="datadriverframework.LoginValidation" time="62.664" errors="0" timestamp="2024-01-10T21:43:19 IST" skipped="0">
  <testcase classname="datadriverframework.LoginValidation" name="LoginRetesting" time="62.664"/>
  <system-out/>
</testsuite> <!-- datadriverframework.LoginValidation -->
