<?xml version="1.0" encoding="UTF-8"?>
<!-- Generated by org.testng.reporters.JUnitReportReporter -->
<testsuite hostname="Naveen-Thamatam" failures="0" tests="2" name="screenshot.BugScreenshot" time="2.588" errors="0" timestamp="2024-01-10T15:35:07 IST" skipped="0">
  <testcase classname="screenshot.BugScreenshot" name="Errorscreenshot" time="0.199"/>
  <system-out/>
  <testcase classname="screenshot.BugScreenshot" name="googlesearch" time="2.389"/>
  <system-out/>
</testsuite> <!-- screenshot.BugScreenshot -->
