<?xml version="1.0" encoding="UTF-8"?>
<!-- Generated by org.testng.reporters.JUnitReportReporter -->
<testsuite hostname="Naveen-Thamatam" failures="0" tests="1" name="screenshot.TimeFormatScreenshot" time="17.840" errors="0" timestamp="2024-01-09T13:35:17 IST" skipped="0">
  <testcase classname="screenshot.TimeFormatScreenshot" name="google" time="17.840"/>
  <system-out/>
</testsuite> <!-- screenshot.TimeFormatScreenshot -->
