<?xml version="1.0" encoding="UTF-8"?>
<!-- Generated by org.testng.reporters.JUnitReportReporter -->
<testsuite hostname="Naveen-Thamatam" failures="0" tests="1" name="datadriverframework.LoginValidationResults" time="76.846" errors="0" timestamp="2024-01-11T13:33:16 IST" skipped="0">
  <testcase classname="datadriverframework.LoginValidationResults" name="PrintTestResultsinSheet" time="76.846"/>
  <system-out/>
</testsuite> <!-- datadriverframework.LoginValidationResults -->
