<?xml version="1.0" encoding="UTF-8"?>
<!-- Generated by org.testng.reporters.JUnitReportReporter -->
<testsuite hostname="Naveen-Thamatam" failures="0" tests="1" name="screenshot.SelectedLocator" time="3.332" errors="0" timestamp="2024-01-09T18:25:05 IST" skipped="0">
  <testcase classname="screenshot.SelectedLocator" name="Takescreenshot" time="3.332"/>
  <system-out/>
</testsuite> <!-- screenshot.SelectedLocator -->
