<?xml version="1.0" encoding="UTF-8"?>
<!-- Generated by org.testng.reporters.JUnitReportReporter -->
<testsuite hostname="Naveen-Thamatam" failures="0" tests="1" name="iframeautomation.Iframes" time="112.255" errors="0" timestamp="2024-01-09T00:16:35 IST" skipped="0">
  <testcase classname="iframeautomation.Iframes" name="iframe" time="112.255"/>
  <system-out/>
</testsuite> <!-- iframeautomation.Iframes -->
